<?xml version="1.0" encoding="UTF-8"?>
<!-- Generated by org.testng.reporters.JUnitReportReporter -->
<testsuite hostname="DESKTOP-0PKPUHI" failures="0" tests="1" name="com.qa.testcases.LoginTestCase" time="0.736" errors="0" timestamp="2023-06-22T17:31:40 IST" skipped="0">
  <testcase classname="com.qa.testcases.LoginTestCase" name="loginapp" time="0.736"/>
  <system-out/>
</testsuite> <!-- com.qa.testcases.LoginTestCase -->
